time="2020-11-07T11:18:34+08:00" level=info msg="[github.com/sirupsen/logrus.(*Entry).Logf(logrus@v1.4.1/entry.go:314)] Register starter: *base.PropsStarter" func="github.com/sirupsen/logrus.(*Entry).Logf" file="logrus@v1.4.1/entry.go:314"
time="2020-11-07T11:18:34+08:00" level=info msg="[github.com/sirupsen/logrus.(*Entry).Logf(logrus@v1.4.1/entry.go:314)] Register starter: *base.DbxDatabaseStarter" func="github.com/sirupsen/logrus.(*Entry).Logf" file="logrus@v1.4.1/entry.go:314"
time="2020-11-07T11:18:34+08:00" level=info msg="[github.com/sirupsen/logrus.(*Entry).Logf(logrus@v1.4.1/entry.go:314)] Register starter: *base.ValidatorStarter" func="github.com/sirupsen/logrus.(*Entry).Logf" file="logrus@v1.4.1/entry.go:314"
time="2020-11-07T11:18:34+08:00" level=info msg="[github.com/sirupsen/logrus.(*Logger).Log(logrus@v1.4.1/logger.go:192)] Initializing starters..." func="github.com/sirupsen/logrus.(*Logger).Log" file="logrus@v1.4.1/logger.go:192"
time="2020-11-07T11:18:34+08:00" level=debug msg="[github.com/sirupsen/logrus.(*Entry).Logf(logrus@v1.4.1/entry.go:314)] Initializing: PriorityGroup=20,Priority=10000,type=*base.PropsStarter" func="github.com/sirupsen/logrus.(*Entry).Logf" file="logrus@v1.4.1/entry.go:314"
time="2020-11-07T11:18:34+08:00" level=info msg="[github.com/sirupsen/logrus.(*Logger).Log(logrus@v1.4.1/logger.go:192)] 初始化配置." func="github.com/sirupsen/logrus.(*Logger).Log" file="logrus@v1.4.1/logger.go:192"
time="2020-11-07T11:18:34+08:00" level=debug msg="[github.com/sirupsen/logrus.(*Entry).Logf(logrus@v1.4.1/entry.go:314)] Initializing: PriorityGroup=20,Priority=10000,type=*base.DbxDatabaseStarter" func="github.com/sirupsen/logrus.(*Entry).Logf" file="logrus@v1.4.1/entry.go:314"
time="2020-11-07T11:18:34+08:00" level=debug msg="[github.com/sirupsen/logrus.(*Entry).Logf(logrus@v1.4.1/entry.go:314)] Initializing: PriorityGroup=20,Priority=10000,type=*base.ValidatorStarter" func="github.com/sirupsen/logrus.(*Entry).Logf" file="logrus@v1.4.1/entry.go:314"
time="2020-11-07T11:18:34+08:00" level=info msg="[github.com/sirupsen/logrus.(*Logger).Log(logrus@v1.4.1/logger.go:192)] Setup starters..." func="github.com/sirupsen/logrus.(*Logger).Log" file="logrus@v1.4.1/logger.go:192"
time="2020-11-07T11:18:34+08:00" level=debug msg="[github.com/sirupsen/logrus.(*Logger).Log(logrus@v1.4.1/logger.go:192)] Setup: *base.PropsStarter" func="github.com/sirupsen/logrus.(*Logger).Log" file="logrus@v1.4.1/logger.go:192"
time="2020-11-07T11:18:34+08:00" level=debug msg="[github.com/sirupsen/logrus.(*Logger).Log(logrus@v1.4.1/logger.go:192)] Setup: *base.DbxDatabaseStarter" func="github.com/sirupsen/logrus.(*Logger).Log" file="logrus@v1.4.1/logger.go:192"
time="2020-11-07T11:18:34+08:00" level=info msg="[github.com/sirupsen/logrus.(*Logger).Log(logrus@v1.4.1/logger.go:192)] mysql.conn url:root:***@tcp(192.168.153.128:3306)/resk?charset=utf8&loc=Local&parseTime=true&" func="github.com/sirupsen/logrus.(*Logger).Log" file="logrus@v1.4.1/logger.go:192"
time="2020-11-07T11:18:34+08:00" level=info msg="[github.com/sirupsen/logrus.(*Logger).Log(logrus@v1.4.1/logger.go:192)] <nil>" func="github.com/sirupsen/logrus.(*Logger).Log" file="logrus@v1.4.1/logger.go:192"
time="2020-11-07T11:18:34+08:00" level=debug msg="[github.com/sirupsen/logrus.(*Logger).Log(logrus@v1.4.1/logger.go:192)] Setup: *base.ValidatorStarter" func="github.com/sirupsen/logrus.(*Logger).Log" file="logrus@v1.4.1/logger.go:192"
time="2020-11-07T11:18:34+08:00" level=info msg="[github.com/sirupsen/logrus.(*Logger).Log(logrus@v1.4.1/logger.go:192)] Starting starters..." func="github.com/sirupsen/logrus.(*Logger).Log" file="logrus@v1.4.1/logger.go:192"
time="2020-11-07T11:18:34+08:00" level=debug msg="[github.com/sirupsen/logrus.(*Logger).Log(logrus@v1.4.1/logger.go:192)] Starting: *base.PropsStarter" func="github.com/sirupsen/logrus.(*Logger).Log" file="logrus@v1.4.1/logger.go:192"
time="2020-11-07T11:18:34+08:00" level=debug msg="[github.com/sirupsen/logrus.(*Logger).Log(logrus@v1.4.1/logger.go:192)] Starting: *base.DbxDatabaseStarter" func="github.com/sirupsen/logrus.(*Logger).Log" file="logrus@v1.4.1/logger.go:192"
time="2020-11-07T11:18:34+08:00" level=debug msg="[github.com/sirupsen/logrus.(*Logger).Log(logrus@v1.4.1/logger.go:192)] Starting: *base.ValidatorStarter" func="github.com/sirupsen/logrus.(*Logger).Log" file="logrus@v1.4.1/logger.go:192"
time="2020-11-07T11:18:35+08:00" level=info msg="[github.com/sirupsen/logrus.(*Logger).Log(logrus@v1.4.1/logger.go:192)] 0" func="github.com/sirupsen/logrus.(*Logger).Log" file="logrus@v1.4.1/logger.go:192"
time="2020-11-07T11:18:35+08:00" level=info msg="[github.com/sirupsen/logrus.(*Entry).Logf(logrus@v1.4.1/entry.go:314)] &{ItemNo:1jwdW1uMN6KIDre533kJUAqlIEf EnvelopeNo:1jwdVxsMq5RnVGI1RQp8wSDvE6v RecvUsername:测试用户1 RecvUserId:1jwdVplv7eRg0ZJajvxSKUM41wM Amount:1.88 Quantity:1 RemainAmount:16.92 AccountNo:1jwdVrAi9K1plZwhiFTu7Oedn3r PayStatus:2 CreatedAt:0001-01-01 00:00:00 +0000 UTC UpdatedAt:0001-01-01 00:00:00 +0000 UTC IsLuckiest:false Desc:测试用户1的普通红包}" func="github.com/sirupsen/logrus.(*Entry).Logf" file="logrus@v1.4.1/entry.go:314"
time="2020-11-07T11:18:35+08:00" level=info msg="[github.com/sirupsen/logrus.(*Logger).Log(logrus@v1.4.1/logger.go:192)] 1" func="github.com/sirupsen/logrus.(*Logger).Log" file="logrus@v1.4.1/logger.go:192"
time="2020-11-07T11:18:35+08:00" level=info msg="[github.com/sirupsen/logrus.(*Entry).Logf(logrus@v1.4.1/entry.go:314)] &{ItemNo:1jwdW3gcQmOrekeoooKXzYAIkB5 EnvelopeNo:1jwdVxsMq5RnVGI1RQp8wSDvE6v RecvUsername:测试用户2 RecvUserId:1jwdVpO1V0SQthvi9aldtoqakLB Amount:1.88 Quantity:1 RemainAmount:15.04 AccountNo:1jwdVvNAbE2oDHU4UTlIOER1nAu PayStatus:2 CreatedAt:0001-01-01 00:00:00 +0000 UTC UpdatedAt:0001-01-01 00:00:00 +0000 UTC IsLuckiest:false Desc:测试用户1的普通红包}" func="github.com/sirupsen/logrus.(*Entry).Logf" file="logrus@v1.4.1/entry.go:314"
time="2020-11-07T11:18:35+08:00" level=info msg="[github.com/sirupsen/logrus.(*Logger).Log(logrus@v1.4.1/logger.go:192)] 2" func="github.com/sirupsen/logrus.(*Logger).Log" file="logrus@v1.4.1/logger.go:192"
time="2020-11-07T11:18:35+08:00" level=info msg="[github.com/sirupsen/logrus.(*Entry).Logf(logrus@v1.4.1/entry.go:314)] &{ItemNo:1jwdW2G4hfMz4DobNSsxfx422XV EnvelopeNo:1jwdVxsMq5RnVGI1RQp8wSDvE6v RecvUsername:测试用户3 RecvUserId:1jwdVprArD5BtqqwjPfA6ehyPqK Amount:1.88 Quantity:1 RemainAmount:13.16 AccountNo:1jwdVqCydywNvX3BuRzMkLD6fCZ PayStatus:2 CreatedAt:0001-01-01 00:00:00 +0000 UTC UpdatedAt:0001-01-01 00:00:00 +0000 UTC IsLuckiest:false Desc:测试用户1的普通红包}" func="github.com/sirupsen/logrus.(*Entry).Logf" file="logrus@v1.4.1/entry.go:314"
time="2020-11-07T11:18:35+08:00" level=info msg="[github.com/sirupsen/logrus.(*Logger).Log(logrus@v1.4.1/logger.go:192)] 3" func="github.com/sirupsen/logrus.(*Logger).Log" file="logrus@v1.4.1/logger.go:192"
time="2020-11-07T11:18:35+08:00" level=info msg="[github.com/sirupsen/logrus.(*Entry).Logf(logrus@v1.4.1/entry.go:314)] &{ItemNo:1jwdW2yDDTVrxYp4xKX4GKGjR1i EnvelopeNo:1jwdVxsMq5RnVGI1RQp8wSDvE6v RecvUsername:测试用户4 RecvUserId:1jwdVt3X8RyvVKgjvAy6bDXWHhM Amount:1.88 Quantity:1 RemainAmount:11.28 AccountNo:1jwdVsdAMr6CBWQrhxHNj3nm76N PayStatus:2 CreatedAt:0001-01-01 00:00:00 +0000 UTC UpdatedAt:0001-01-01 00:00:00 +0000 UTC IsLuckiest:false Desc:测试用户1的普通红包}" func="github.com/sirupsen/logrus.(*Entry).Logf" file="logrus@v1.4.1/entry.go:314"
time="2020-11-07T11:18:35+08:00" level=info msg="[github.com/sirupsen/logrus.(*Logger).Log(logrus@v1.4.1/logger.go:192)] 4" func="github.com/sirupsen/logrus.(*Logger).Log" file="logrus@v1.4.1/logger.go:192"
time="2020-11-07T11:18:35+08:00" level=info msg="[github.com/sirupsen/logrus.(*Entry).Logf(logrus@v1.4.1/entry.go:314)] &{ItemNo:1jwdVydrEk1zhrN3tILcaOMszrA EnvelopeNo:1jwdVxsMq5RnVGI1RQp8wSDvE6v RecvUsername:测试用户5 RecvUserId:1jwdVuRhymo7yd7vdPthWSEbnCE Amount:1.88 Quantity:1 RemainAmount:9.4 AccountNo:1jwdVwe9VeVSoCQxODvDNVDRkMI PayStatus:2 CreatedAt:0001-01-01 00:00:00 +0000 UTC UpdatedAt:0001-01-01 00:00:00 +0000 UTC IsLuckiest:false Desc:测试用户1的普通红包}" func="github.com/sirupsen/logrus.(*Entry).Logf" file="logrus@v1.4.1/entry.go:314"
time="2020-11-07T11:18:35+08:00" level=info msg="[github.com/sirupsen/logrus.(*Logger).Log(logrus@v1.4.1/logger.go:192)] 5" func="github.com/sirupsen/logrus.(*Logger).Log" file="logrus@v1.4.1/logger.go:192"
time="2020-11-07T11:18:35+08:00" level=info msg="[github.com/sirupsen/logrus.(*Entry).Logf(logrus@v1.4.1/entry.go:314)] &{ItemNo:1jwdW2yjF7s6NkN3zFri8oQVyGd EnvelopeNo:1jwdVxsMq5RnVGI1RQp8wSDvE6v RecvUsername:测试用户6 RecvUserId:1jwdVuEXqNhATezcBqMlPUlvUKE Amount:1.88 Quantity:1 RemainAmount:7.52 AccountNo:1jwdW31rY8gXX5o6DrW9m0KRQCA PayStatus:2 CreatedAt:0001-01-01 00:00:00 +0000 UTC UpdatedAt:0001-01-01 00:00:00 +0000 UTC IsLuckiest:false Desc:测试用户1的普通红包}" func="github.com/sirupsen/logrus.(*Entry).Logf" file="logrus@v1.4.1/entry.go:314"
time="2020-11-07T11:18:35+08:00" level=info msg="[github.com/sirupsen/logrus.(*Logger).Log(logrus@v1.4.1/logger.go:192)] 6" func="github.com/sirupsen/logrus.(*Logger).Log" file="logrus@v1.4.1/logger.go:192"
time="2020-11-07T11:18:35+08:00" level=info msg="[github.com/sirupsen/logrus.(*Entry).Logf(logrus@v1.4.1/entry.go:314)] &{ItemNo:1jwdW1caOuH3oCh1L3l5rYR5uF3 EnvelopeNo:1jwdVxsMq5RnVGI1RQp8wSDvE6v RecvUsername:测试用户7 RecvUserId:1jwdW2ELMu6Plr7xqhphpLCpXn3 Amount:1.88 Quantity:1 RemainAmount:5.64 AccountNo:1jwdW40Wz63EQGL2YYy1zeWK2kr PayStatus:2 CreatedAt:0001-01-01 00:00:00 +0000 UTC UpdatedAt:0001-01-01 00:00:00 +0000 UTC IsLuckiest:false Desc:测试用户1的普通红包}" func="github.com/sirupsen/logrus.(*Entry).Logf" file="logrus@v1.4.1/entry.go:314"
time="2020-11-07T11:18:35+08:00" level=info msg="[github.com/sirupsen/logrus.(*Logger).Log(logrus@v1.4.1/logger.go:192)] 7" func="github.com/sirupsen/logrus.(*Logger).Log" file="logrus@v1.4.1/logger.go:192"
time="2020-11-07T11:18:35+08:00" level=info msg="[github.com/sirupsen/logrus.(*Entry).Logf(logrus@v1.4.1/entry.go:314)] &{ItemNo:1jwdW30DDmxwhnwdD8m5XBqpkDH EnvelopeNo:1jwdVxsMq5RnVGI1RQp8wSDvE6v RecvUsername:测试用户8 RecvUserId:1jwdW1G8U1ppB1BDRaPpehrUCSe Amount:1.88 Quantity:1 RemainAmount:3.76 AccountNo:1jwdW13f0RaQa5w6Qck3GsnkYVc PayStatus:2 CreatedAt:0001-01-01 00:00:00 +0000 UTC UpdatedAt:0001-01-01 00:00:00 +0000 UTC IsLuckiest:false Desc:测试用户1的普通红包}" func="github.com/sirupsen/logrus.(*Entry).Logf" file="logrus@v1.4.1/entry.go:314"
time="2020-11-07T11:18:35+08:00" level=info msg="[github.com/sirupsen/logrus.(*Logger).Log(logrus@v1.4.1/logger.go:192)] 8" func="github.com/sirupsen/logrus.(*Logger).Log" file="logrus@v1.4.1/logger.go:192"
time="2020-11-07T11:18:35+08:00" level=info msg="[github.com/sirupsen/logrus.(*Entry).Logf(logrus@v1.4.1/entry.go:314)] &{ItemNo:1jwdW1hlJcsAimOxbJ1eRN54TPq EnvelopeNo:1jwdVxsMq5RnVGI1RQp8wSDvE6v RecvUsername:测试用户9 RecvUserId:1jwdVy4rdtXb9d7ALZJCbexBA7D Amount:1.88 Quantity:1 RemainAmount:1.88 AccountNo:1jwdVyT3u8qzf5Y8pZc1bQ8GtZn PayStatus:2 CreatedAt:0001-01-01 00:00:00 +0000 UTC UpdatedAt:0001-01-01 00:00:00 +0000 UTC IsLuckiest:false Desc:测试用户1的普通红包}" func="github.com/sirupsen/logrus.(*Entry).Logf" file="logrus@v1.4.1/entry.go:314"
time="2020-11-07T11:18:35+08:00" level=info msg="[github.com/sirupsen/logrus.(*Logger).Log(logrus@v1.4.1/logger.go:192)] 9" func="github.com/sirupsen/logrus.(*Logger).Log" file="logrus@v1.4.1/logger.go:192"
time="2020-11-07T11:18:35+08:00" level=info msg="[github.com/sirupsen/logrus.(*Entry).Logf(logrus@v1.4.1/entry.go:314)] &{ItemNo:1jwdW2u9tYCZdyk30UU3xD4cuiY EnvelopeNo:1jwdVxsMq5RnVGI1RQp8wSDvE6v RecvUsername:测试用户10 RecvUserId:1jwdW0rBtsZroIU6hFkbdERNw1c Amount:1.88 Quantity:1 RemainAmount:0 AccountNo:1jwdW0825YnqvSxzbjg4aSctuDr PayStatus:2 CreatedAt:0001-01-01 00:00:00 +0000 UTC UpdatedAt:0001-01-01 00:00:00 +0000 UTC IsLuckiest:false Desc:测试用户1的普通红包}" func="github.com/sirupsen/logrus.(*Entry).Logf" file="logrus@v1.4.1/entry.go:314"
time="2020-11-07T11:18:35+08:00" level=info msg="[github.com/sirupsen/logrus.(*Logger).Log(logrus@v1.4.1/logger.go:192)] 1 0.27 0.27" func="github.com/sirupsen/logrus.(*Logger).Log" file="logrus@v1.4.1/logger.go:192"
time="2020-11-07T11:18:35+08:00" level=info msg="[github.com/sirupsen/logrus.(*Logger).Log(logrus@v1.4.1/logger.go:192)] 2 3.15 2.88" func="github.com/sirupsen/logrus.(*Logger).Log" file="logrus@v1.4.1/logger.go:192"
time="2020-11-07T11:18:35+08:00" level=info msg="[github.com/sirupsen/logrus.(*Logger).Log(logrus@v1.4.1/logger.go:192)] 3 6.63 3.48" func="github.com/sirupsen/logrus.(*Logger).Log" file="logrus@v1.4.1/logger.go:192"
time="2020-11-07T11:18:35+08:00" level=info msg="[github.com/sirupsen/logrus.(*Logger).Log(logrus@v1.4.1/logger.go:192)] 4 10 3.37" func="github.com/sirupsen/logrus.(*Logger).Log" file="logrus@v1.4.1/logger.go:192"
time="2020-11-07T11:18:35+08:00" level=info msg="[github.com/sirupsen/logrus.(*Logger).Log(logrus@v1.4.1/logger.go:192)] 5 10.82 0.82" func="github.com/sirupsen/logrus.(*Logger).Log" file="logrus@v1.4.1/logger.go:192"
time="2020-11-07T11:18:35+08:00" level=info msg="[github.com/sirupsen/logrus.(*Logger).Log(logrus@v1.4.1/logger.go:192)] 6 11.39 0.57" func="github.com/sirupsen/logrus.(*Logger).Log" file="logrus@v1.4.1/logger.go:192"
time="2020-11-07T11:18:35+08:00" level=info msg="[github.com/sirupsen/logrus.(*Logger).Log(logrus@v1.4.1/logger.go:192)] 7 12.55 1.16" func="github.com/sirupsen/logrus.(*Logger).Log" file="logrus@v1.4.1/logger.go:192"
time="2020-11-07T11:18:35+08:00" level=info msg="[github.com/sirupsen/logrus.(*Logger).Log(logrus@v1.4.1/logger.go:192)] 8 16.15 3.6" func="github.com/sirupsen/logrus.(*Logger).Log" file="logrus@v1.4.1/logger.go:192"
time="2020-11-07T11:18:35+08:00" level=info msg="[github.com/sirupsen/logrus.(*Logger).Log(logrus@v1.4.1/logger.go:192)] 9 18.65 2.5" func="github.com/sirupsen/logrus.(*Logger).Log" file="logrus@v1.4.1/logger.go:192"
time="2020-11-07T11:18:35+08:00" level=info msg="[github.com/sirupsen/logrus.(*Logger).Log(logrus@v1.4.1/logger.go:192)] 10 18.8 0.15" func="github.com/sirupsen/logrus.(*Logger).Log" file="logrus@v1.4.1/logger.go:192"
